0 info it worked if it ends with ok
1 verbose cli [ '/usr/local/bin/node',
1 verbose cli   '/usr/local/bin/npm',
1 verbose cli   'version',
1 verbose cli   'patch' ]
2 info using npm@2.14.7
3 info using node@v4.2.2
4 info git [ 'status', '--porcelain' ]
5 verbose stack Error: Git working directory not clean.
5 verbose stack M app/index.js
5 verbose stack M app/templates/app/index.html
5 verbose stack D app/templates/app/scripts/home/home-template.hbs
5 verbose stack D app/templates/app/scripts/home/homeView.js
5 verbose stack D app/templates/app/scripts/main.js
5 verbose stack D app/templates/app/styles/app.scss
5 verbose stack M app/templates/gulpfile.js
5 verbose stack M app/templates/package.json
5 verbose stack D app/templates/torso-modules/view.js
5 verbose stack D helpers/validateDirectory.js
5 verbose stack M package.json
5 verbose stack D view/index.js
5 verbose stack     at /usr/local/lib/node_modules/npm/lib/version.js:171:21
5 verbose stack     at ChildProcess.exithandler (child_process.js:194:7)
5 verbose stack     at emitTwo (events.js:87:13)
5 verbose stack     at ChildProcess.emit (events.js:172:7)
5 verbose stack     at maybeClose (internal/child_process.js:818:16)
5 verbose stack     at Socket.<anonymous> (internal/child_process.js:319:11)
5 verbose stack     at emitOne (events.js:77:13)
5 verbose stack     at Socket.emit (events.js:169:7)
5 verbose stack     at Pipe._onclose (net.js:469:12)
6 verbose cwd /Users/matthewwillis/localhost/generator-torso-ratchet
7 error Darwin 15.0.0
8 error argv "/usr/local/bin/node" "/usr/local/bin/npm" "version" "patch"
9 error node v4.2.2
10 error npm  v2.14.7
11 error Git working directory not clean.
11 error M app/index.js
11 error M app/templates/app/index.html
11 error D app/templates/app/scripts/home/home-template.hbs
11 error D app/templates/app/scripts/home/homeView.js
11 error D app/templates/app/scripts/main.js
11 error D app/templates/app/styles/app.scss
11 error M app/templates/gulpfile.js
11 error M app/templates/package.json
11 error D app/templates/torso-modules/view.js
11 error D helpers/validateDirectory.js
11 error M package.json
11 error D view/index.js
12 error If you need help, you may report this error at:
12 error     <https://github.com/npm/npm/issues>
13 verbose exit [ 1, true ]
